0 info it worked if it ends with ok
1 verbose cli [ '/usr/bin/nodejs',
1 verbose cli   '/usr/bin/npm',
1 verbose cli   'install',
1 verbose cli   'angular-loading-bar-master' ]
2 info using npm@1.3.10
3 info using node@v0.10.25
4 warn package.json ModelViewer@0.0.1 No README data
5 verbose readDependencies using package.json deps
6 verbose cache add [ 'angular-loading-bar-master', null ]
7 verbose cache add name=undefined spec="angular-loading-bar-master" args=["angular-loading-bar-master",null]
8 verbose parsed url { protocol: null,
8 verbose parsed url   slashes: null,
8 verbose parsed url   auth: null,
8 verbose parsed url   host: null,
8 verbose parsed url   port: null,
8 verbose parsed url   hostname: null,
8 verbose parsed url   hash: null,
8 verbose parsed url   search: null,
8 verbose parsed url   query: null,
8 verbose parsed url   pathname: 'angular-loading-bar-master',
8 verbose parsed url   path: 'angular-loading-bar-master',
8 verbose parsed url   href: 'angular-loading-bar-master' }
9 silly lockFile 1c255483-angular-loading-bar-master angular-loading-bar-master
10 verbose lock angular-loading-bar-master /home/jerrad/.npm/1c255483-angular-loading-bar-master.lock
11 silly lockFile 1c255483-angular-loading-bar-master angular-loading-bar-master
12 silly lockFile 1c255483-angular-loading-bar-master angular-loading-bar-master
13 verbose addNamed [ 'angular-loading-bar-master', '' ]
14 verbose addNamed [ null, '*' ]
15 silly lockFile 1d8caab0-angular-loading-bar-master angular-loading-bar-master@
16 verbose lock angular-loading-bar-master@ /home/jerrad/.npm/1d8caab0-angular-loading-bar-master.lock
17 silly addNameRange { name: 'angular-loading-bar-master',
17 silly addNameRange   range: '*',
17 silly addNameRange   hasData: false }
18 verbose url raw angular-loading-bar-master
19 verbose url resolving [ 'https://registry.npmjs.org/',
19 verbose url resolving   './angular-loading-bar-master' ]
20 verbose url resolved https://registry.npmjs.org/angular-loading-bar-master
21 info trying registry request attempt 1 at 13:53:49
22 http GET https://registry.npmjs.org/angular-loading-bar-master
23 http 404 https://registry.npmjs.org/angular-loading-bar-master
24 silly registry.get cb [ 404,
24 silly registry.get   { 'content-type': 'application/json',
24 silly registry.get     'cache-control': 'max-age=0',
24 silly registry.get     'content-length': '2',
24 silly registry.get     'accept-ranges': 'bytes',
24 silly registry.get     date: 'Mon, 02 Nov 2015 18:53:50 GMT',
24 silly registry.get     via: '1.1 varnish',
24 silly registry.get     age: '0',
24 silly registry.get     connection: 'keep-alive',
24 silly registry.get     'x-served-by': 'cache-iad2142-IAD',
24 silly registry.get     'x-cache': 'MISS',
24 silly registry.get     'x-cache-hits': '0',
24 silly registry.get     'x-timer': 'S1446490430.771414,VS0,VE93' } ]
25 silly addNameRange number 2 { name: 'angular-loading-bar-master', range: '*', hasData: true }
26 silly addNameRange versions [ undefined, [] ]
27 error TypeError: Cannot read property 'latest' of undefined
27 error     at next (/usr/share/npm/lib/cache.js:687:35)
27 error     at /usr/share/npm/lib/cache.js:675:5
27 error     at saved (/usr/share/npm/node_modules/npm-registry-client/lib/get.js:142:7)
27 error     at /usr/lib/nodejs/graceful-fs/polyfills.js:133:7
27 error     at Object.oncomplete (fs.js:107:15)
28 error If you need help, you may report this log at:
28 error     <http://github.com/isaacs/npm/issues>
28 error or email it to:
28 error     <npm-@googlegroups.com>
29 error System Linux 3.13.0-43-generic
30 error command "/usr/bin/nodejs" "/usr/bin/npm" "install" "angular-loading-bar-master"
31 error cwd /home/jerrad/Desktop/tomcat and spring test/webModelViewer/ModelViewer/src/main/webapp/static-files
32 error node -v v0.10.25
33 error npm -v 1.3.10
34 error type non_object_property_load
35 verbose exit [ 1, true ]
